[handleMsg]:  {
  key: {
    remoteJid: '584143385226@s.whatsapp.net',
    fromMe: false,
    id: '3AF0C42F76CFC9811202',
    participant: undefined
  },
  messageTimestamp: 1720769394,
  pushName: 'Anthony Monsalve',
  broadcast: false,
  message: Message {
    extendedTextMessage: ExtendedTextMessage { text: 'Men煤', contextInfo: [ContextInfo] },
    messageContextInfo: MessageContextInfo {
      deviceListMetadata: [DeviceListMetadata],
      deviceListMetadataVersion: 2
    }
  },
  body: 'Men煤',
  from: '584143385226'
}
[QUEUE_SE_ENVIO]:  {
  ref: 'ans_47c10ea3-caca-4a80-a83e-34dd04712fa4',
  keyword: 'key_dd29a585-1640-421d-9122-31a5415f15c1',
  answer: '*Env铆anos ★ el n煤mero 猬锔 de alguna de estas opciones*\r\n' +
    '\r\n' +
    'Opci贸n *[1]* -  Curso interactivo sobre Desinformaci贸n, Informaci贸n Err贸nea e Informaci贸n Maliciosa.\r\n' +
    '\r\n' +
    'Opci贸n *[2]* - え Quiero corroborar la veracidad de esta informaci贸n con ustedes...\r\n' +
    '\r\n' +
    'Opci贸n *[3]* -  隆P谩senme el bolet铆n diario de noticias!\r\n' +
    '\r\n' +
    'Opci贸n *[4]* - こ Quiero seguirlos en sus redes sociales.\r\n' +
    '\r\n' +
    'Opci贸n *[0]* - Salir',
  options: {
    media: null,
    buttons: [],
    capture: true,
    child: null,
    delay: 2500,
    idle: null,
    ref: null,
    nested: [],
    keyword: {},
    callback: true
  },
  refSerialize: '628b225d1f7426daeb1c2b4847950156'
}
[handleMsg]:  {
  key: {
    remoteJid: '584143385226@s.whatsapp.net',
    fromMe: false,
    id: '3A9A9F3F65ACEDBDCA51',
    participant: undefined
  },
  messageTimestamp: 1720769400,
  pushName: 'Anthony Monsalve',
  broadcast: false,
  message: Message {
    extendedTextMessage: ExtendedTextMessage { text: '6', contextInfo: [ContextInfo] },
    messageContextInfo: MessageContextInfo {
      deviceListMetadata: [DeviceListMetadata],
      deviceListMetadataVersion: 2
    }
  },
  body: '6',
  from: '584143385226'
}
[handleMsg]:  {
  key: {
    remoteJid: '584143385226@s.whatsapp.net',
    fromMe: false,
    id: '3AC995F328302D1FD6A2',
    participant: undefined
  },
  messageTimestamp: 1720769405,
  pushName: 'Anthony Monsalve',
  broadcast: false,
  message: Message {
    extendedTextMessage: ExtendedTextMessage { text: '1', contextInfo: [ContextInfo] },
    messageContextInfo: MessageContextInfo {
      deviceListMetadata: [DeviceListMetadata],
      deviceListMetadataVersion: 2
    }
  },
  body: '1',
  from: '584143385226'
}
[handleMsg]:  {
  key: {
    remoteJid: '584143385226@s.whatsapp.net',
    fromMe: false,
    id: '3ABB70F856082C6D8EF1',
    participant: undefined
  },
  messageTimestamp: 1720769412,
  pushName: 'Anthony Monsalve',
  broadcast: false,
  message: Message {
    extendedTextMessage: ExtendedTextMessage { text: '2', contextInfo: [ContextInfo] },
    messageContextInfo: MessageContextInfo {
      deviceListMetadata: [DeviceListMetadata],
      deviceListMetadataVersion: 2
    }
  },
  body: '2',
  from: '584143385226'
}
[handleMsg]:  {
  key: {
    remoteJid: '584143385226@s.whatsapp.net',
    fromMe: false,
    id: '3A5F4E527D8FF3E529D5',
    participant: undefined
  },
  messageTimestamp: 1720769426,
  pushName: 'Anthony Monsalve',
  broadcast: false,
  message: Message {
    extendedTextMessage: ExtendedTextMessage { text: '3', contextInfo: [ContextInfo] },
    messageContextInfo: MessageContextInfo {
      deviceListMetadata: [DeviceListMetadata],
      deviceListMetadataVersion: 2
    }
  },
  body: '3',
  from: '584143385226'
}
